[2022-09-01 18:44:43,741: INFO/MainProcess] Connected to redis://redis:6379/0
[2022-09-01 18:44:43,757: INFO/MainProcess] mingle: searching for neighbors
[2022-09-01 18:44:44,784: INFO/MainProcess] mingle: all alone
[2022-09-01 18:44:44,806: INFO/MainProcess] celery@c2d9d982b509 ready.
[2022-09-01 18:44:48,845: INFO/MainProcess] Events of group {task} enabled by remote.
[2022-09-01 18:58:44,639: INFO/MainProcess] Received task: create_task[48a2a0f7-bd1b-4953-b3cf-6b4abc071629]  
[2022-09-01 18:58:54,638: INFO/ForkPoolWorker-1] Task create_task[48a2a0f7-bd1b-4953-b3cf-6b4abc071629] succeeded in 10.012424939000084s: True
[2022-09-01 19:17:02,628: INFO/MainProcess] Received task: create_task[bebac02b-9399-4b8c-ac9d-18d5ef9616ae]  
[2022-09-01 19:17:02,640: INFO/ForkPoolWorker-1] Task create_task[bebac02b-9399-4b8c-ac9d-18d5ef9616ae] succeeded in 0.003978996999649098s: True
[2022-09-01 19:17:03,515: INFO/MainProcess] Received task: create_task[8189aad7-9505-43fd-a066-1395adf0a022]  
[2022-09-01 19:17:03,525: INFO/ForkPoolWorker-1] Task create_task[8189aad7-9505-43fd-a066-1395adf0a022] succeeded in 0.0009101330001612951s: True
[2022-09-01 19:17:45,702: INFO/MainProcess] Received task: create_task[399444a2-6c97-4b1d-8a44-b38c67b85875]  
[2022-09-01 19:17:55,696: INFO/ForkPoolWorker-1] Task create_task[399444a2-6c97-4b1d-8a44-b38c67b85875] succeeded in 10.011960230000113s: True
[2022-09-01 19:19:43,035: INFO/MainProcess] Received task: create_task[fdf49b14-d70a-4fbc-a29f-ef9ba599083b]  
[2022-09-01 19:19:53,033: INFO/ForkPoolWorker-1] Task create_task[fdf49b14-d70a-4fbc-a29f-ef9ba599083b] succeeded in 10.016216891000113s: True
[2022-09-01 19:19:54,354: INFO/MainProcess] Received task: create_task[5d659c4a-f23e-49e8-9524-5b1a5b99ca93]  
[2022-09-01 19:20:02,890: INFO/MainProcess] Received task: create_task[576dd7c0-3ad4-4bd0-852a-8b39e57424a1]  
[2022-09-01 19:20:04,371: INFO/ForkPoolWorker-1] Task create_task[5d659c4a-f23e-49e8-9524-5b1a5b99ca93] succeeded in 10.013130604999787s: True
[2022-09-01 19:20:12,916: INFO/ForkPoolWorker-3] Task create_task[576dd7c0-3ad4-4bd0-852a-8b39e57424a1] succeeded in 10.021475253000062s: True
[2022-09-01 19:21:20,639: INFO/MainProcess] Received task: create_task[ec3cf250-071f-4c9f-9c5f-370d892c6679]  
[2022-09-01 19:21:40,658: INFO/ForkPoolWorker-1] Task create_task[ec3cf250-071f-4c9f-9c5f-370d892c6679] succeeded in 20.014782960000048s: True
